{"/data/kamadorueda.github.io/src/routes.tsx": {"path":"/data/kamadorueda.github.io/src/routes.tsx","statementMap":{"0":{"start":{"line":1,"column":22},"end":{"line":20,"column":null}}},"fnMap":{},"branchMap":{},"s":{"0":1},"f":{},"b":{},"meta":{"lastBranch":0,"lastFunction":0,"lastStatement":1,"seen":{"s:1:22:20:Infinity":0}}}
,"/data/kamadorueda.github.io/src/tw.ts": {"path":"/data/kamadorueda.github.io/src/tw.ts","statementMap":{"0":{"start":{"line":5,"column":18},"end":{"line":6,"column":null}},"1":{"start":{"line":6,"column":2},"end":{"line":6,"column":null}},"2":{"start":{"line":6,"column":35},"end":{"line":6,"column":64}}},"fnMap":{"0":{"name":"(anonymous_0)","decl":{"start":{"line":5,"column":18},"end":{"line":5,"column":22}},"loc":{"start":{"line":6,"column":2},"end":{"line":6,"column":null}},"line":6},"1":{"name":"(anonymous_1)","decl":{"start":{"line":6,"column":20},"end":{"line":6,"column":21}},"loc":{"start":{"line":6,"column":35},"end":{"line":6,"column":64}},"line":6}},"branchMap":{},"s":{"0":4,"1":190,"2":462},"f":{"0":190,"1":462},"b":{},"meta":{"lastBranch":0,"lastFunction":2,"lastStatement":3,"seen":{"s:5:18:6:Infinity":0,"f:5:18:5:22":0,"s:6:2:6:Infinity":1,"f:6:20:6:21":1,"s:6:35:6:64":2}}}
,"/data/kamadorueda.github.io/src/components/Body/index.tsx": {"path":"/data/kamadorueda.github.io/src/components/Body/index.tsx","statementMap":{"0":{"start":{"line":3,"column":43},"end":{"line":8,"column":null}},"1":{"start":{"line":4,"column":2},"end":{"line":8,"column":null}}},"fnMap":{"0":{"name":"(anonymous_0)","decl":{"start":{"line":3,"column":43},"end":{"line":3,"column":44}},"loc":{"start":{"line":4,"column":2},"end":{"line":8,"column":null}},"line":4}},"branchMap":{},"s":{"0":1,"1":3},"f":{"0":3},"b":{},"meta":{"lastBranch":0,"lastFunction":1,"lastStatement":2,"seen":{"s:3:43:8:Infinity":0,"f:3:43:3:44":0,"s:4:2:8:Infinity":1}}}
,"/data/kamadorueda.github.io/src/components/Footer/index.tsx": {"path":"/data/kamadorueda.github.io/src/components/Footer/index.tsx","statementMap":{"0":{"start":{"line":3,"column":26},"end":{"line":8,"column":null}},"1":{"start":{"line":4,"column":2},"end":{"line":8,"column":null}}},"fnMap":{"0":{"name":"(anonymous_0)","decl":{"start":{"line":3,"column":26},"end":{"line":3,"column":null}},"loc":{"start":{"line":4,"column":2},"end":{"line":8,"column":null}},"line":4}},"branchMap":{},"s":{"0":1,"1":4},"f":{"0":4},"b":{},"meta":{"lastBranch":0,"lastFunction":1,"lastStatement":2,"seen":{"s:3:26:8:Infinity":0,"f:3:26:3:Infinity":0,"s:4:2:8:Infinity":1}}}
,"/data/kamadorueda.github.io/src/components/Main/index.tsx": {"path":"/data/kamadorueda.github.io/src/components/Main/index.tsx","statementMap":{"0":{"start":{"line":4,"column":59},"end":{"line":5,"column":null}},"1":{"start":{"line":5,"column":2},"end":{"line":5,"column":null}}},"fnMap":{"0":{"name":"(anonymous_0)","decl":{"start":{"line":4,"column":59},"end":{"line":4,"column":60}},"loc":{"start":{"line":5,"column":2},"end":{"line":5,"column":null}},"line":5}},"branchMap":{},"s":{"0":1,"1":6},"f":{"0":6},"b":{},"meta":{"lastBranch":0,"lastFunction":1,"lastStatement":2,"seen":{"s:4:59:5:Infinity":0,"f:4:59:4:60":0,"s:5:2:5:Infinity":1}}}
,"/data/kamadorueda.github.io/src/components/Nav/index.tsx": {"path":"/data/kamadorueda.github.io/src/components/Nav/index.tsx","statementMap":{"0":{"start":{"line":16,"column":21},"end":{"line":16,"column":null}},"1":{"start":{"line":18,"column":6},"end":{"line":18,"column":null}},"2":{"start":{"line":19,"column":18},"end":{"line":19,"column":null}},"3":{"start":{"line":23,"column":23},"end":{"line":72,"column":null}},"4":{"start":{"line":24,"column":19},"end":{"line":24,"column":null}},"5":{"start":{"line":26,"column":8},"end":{"line":32,"column":null}},"6":{"start":{"line":27,"column":21},"end":{"line":27,"column":37}},"7":{"start":{"line":28,"column":35},"end":{"line":28,"column":51}},"8":{"start":{"line":29,"column":37},"end":{"line":29,"column":55}},"9":{"start":{"line":30,"column":38},"end":{"line":30,"column":57}},"10":{"start":{"line":31,"column":38},"end":{"line":31,"column":57}},"11":{"start":{"line":32,"column":21},"end":{"line":32,"column":37}},"12":{"start":{"line":34,"column":2},"end":{"line":70,"column":null}},"13":{"start":{"line":74,"column":53},"end":{"line":103,"column":null}},"14":{"start":{"line":75,"column":2},"end":{"line":103,"column":null}},"15":{"start":{"line":106,"column":52},"end":{"line":167,"column":null}},"16":{"start":{"line":107,"column":2},"end":{"line":167,"column":null}},"17":{"start":{"line":170,"column":37},"end":{"line":173,"column":null}},"18":{"start":{"line":171,"column":2},"end":{"line":173,"column":null}},"19":{"start":{"line":176,"column":39},"end":{"line":179,"column":null}},"20":{"start":{"line":177,"column":2},"end":{"line":179,"column":null}},"21":{"start":{"line":182,"column":40},"end":{"line":185,"column":null}},"22":{"start":{"line":183,"column":2},"end":{"line":185,"column":null}},"23":{"start":{"line":188,"column":38},"end":{"line":194,"column":null}},"24":{"start":{"line":189,"column":2},"end":{"line":194,"column":null}},"25":{"start":{"line":197,"column":40},"end":{"line":200,"column":null}},"26":{"start":{"line":198,"column":2},"end":{"line":200,"column":null}},"27":{"start":{"line":203,"column":33},"end":{"line":214,"column":null}},"28":{"start":{"line":204,"column":2},"end":{"line":214,"column":null}}},"fnMap":{"0":{"name":"(anonymous_0)","decl":{"start":{"line":23,"column":23},"end":{"line":23,"column":29}},"loc":{"start":{"line":23,"column":29},"end":{"line":72,"column":null}},"line":23},"1":{"name":"(anonymous_1)","decl":{"start":{"line":27,"column":15},"end":{"line":27,"column":21}},"loc":{"start":{"line":27,"column":21},"end":{"line":27,"column":37}},"line":27},"2":{"name":"(anonymous_2)","decl":{"start":{"line":28,"column":29},"end":{"line":28,"column":35}},"loc":{"start":{"line":28,"column":35},"end":{"line":28,"column":51}},"line":28},"3":{"name":"(anonymous_3)","decl":{"start":{"line":29,"column":31},"end":{"line":29,"column":37}},"loc":{"start":{"line":29,"column":37},"end":{"line":29,"column":55}},"line":29},"4":{"name":"(anonymous_4)","decl":{"start":{"line":30,"column":32},"end":{"line":30,"column":38}},"loc":{"start":{"line":30,"column":38},"end":{"line":30,"column":57}},"line":30},"5":{"name":"(anonymous_5)","decl":{"start":{"line":31,"column":32},"end":{"line":31,"column":38}},"loc":{"start":{"line":31,"column":38},"end":{"line":31,"column":57}},"line":31},"6":{"name":"(anonymous_6)","decl":{"start":{"line":32,"column":15},"end":{"line":32,"column":21}},"loc":{"start":{"line":32,"column":21},"end":{"line":32,"column":37}},"line":32},"7":{"name":"(anonymous_7)","decl":{"start":{"line":74,"column":53},"end":{"line":74,"column":54}},"loc":{"start":{"line":75,"column":2},"end":{"line":103,"column":null}},"line":75},"8":{"name":"(anonymous_8)","decl":{"start":{"line":106,"column":52},"end":{"line":106,"column":53}},"loc":{"start":{"line":107,"column":2},"end":{"line":167,"column":null}},"line":107},"9":{"name":"(anonymous_9)","decl":{"start":{"line":170,"column":37},"end":{"line":170,"column":38}},"loc":{"start":{"line":171,"column":2},"end":{"line":173,"column":null}},"line":171},"10":{"name":"(anonymous_10)","decl":{"start":{"line":176,"column":39},"end":{"line":176,"column":40}},"loc":{"start":{"line":177,"column":2},"end":{"line":179,"column":null}},"line":177},"11":{"name":"(anonymous_11)","decl":{"start":{"line":182,"column":40},"end":{"line":182,"column":41}},"loc":{"start":{"line":183,"column":2},"end":{"line":185,"column":null}},"line":183},"12":{"name":"(anonymous_12)","decl":{"start":{"line":188,"column":38},"end":{"line":188,"column":39}},"loc":{"start":{"line":189,"column":2},"end":{"line":194,"column":null}},"line":189},"13":{"name":"(anonymous_13)","decl":{"start":{"line":197,"column":40},"end":{"line":197,"column":41}},"loc":{"start":{"line":198,"column":2},"end":{"line":200,"column":null}},"line":198},"14":{"name":"(anonymous_14)","decl":{"start":{"line":203,"column":33},"end":{"line":203,"column":34}},"loc":{"start":{"line":204,"column":2},"end":{"line":214,"column":null}},"line":204}},"branchMap":{"0":{"loc":{"start":{"line":83,"column":10},"end":{"line":83,"column":null}},"type":"binary-expr","locations":[{"start":{"line":83,"column":10},"end":{"line":83,"column":33}},{"start":{"line":83,"column":33},"end":{"line":83,"column":null}}],"line":83},"1":{"loc":{"start":{"line":88,"column":33},"end":{"line":88,"column":71}},"type":"binary-expr","locations":[{"start":{"line":88,"column":33},"end":{"line":88,"column":59}},{"start":{"line":88,"column":59},"end":{"line":88,"column":71}}],"line":88},"2":{"loc":{"start":{"line":91,"column":33},"end":{"line":91,"column":70}},"type":"binary-expr","locations":[{"start":{"line":91,"column":33},"end":{"line":91,"column":58}},{"start":{"line":91,"column":58},"end":{"line":91,"column":70}}],"line":91},"3":{"loc":{"start":{"line":97,"column":10},"end":{"line":97,"column":null}},"type":"binary-expr","locations":[{"start":{"line":97,"column":10},"end":{"line":97,"column":36}},{"start":{"line":97,"column":36},"end":{"line":97,"column":null}}],"line":97},"4":{"loc":{"start":{"line":160,"column":9},"end":{"line":160,"column":null}},"type":"binary-expr","locations":[{"start":{"line":160,"column":9},"end":{"line":160,"column":32}},{"start":{"line":160,"column":32},"end":{"line":160,"column":null}}],"line":160},"5":{"loc":{"start":{"line":161,"column":9},"end":{"line":161,"column":null}},"type":"binary-expr","locations":[{"start":{"line":161,"column":9},"end":{"line":161,"column":35}},{"start":{"line":161,"column":35},"end":{"line":161,"column":null}}],"line":161},"6":{"loc":{"start":{"line":162,"column":9},"end":{"line":162,"column":null}},"type":"binary-expr","locations":[{"start":{"line":162,"column":9},"end":{"line":162,"column":34}},{"start":{"line":162,"column":34},"end":{"line":162,"column":null}}],"line":162},"7":{"loc":{"start":{"line":164,"column":9},"end":{"line":164,"column":null}},"type":"binary-expr","locations":[{"start":{"line":164,"column":9},"end":{"line":164,"column":35}},{"start":{"line":164,"column":35},"end":{"line":164,"column":null}}],"line":164}},"s":{"0":1,"1":1,"2":1,"3":1,"4":10,"5":10,"6":6,"7":0,"8":1,"9":1,"10":1,"11":1,"12":10,"13":1,"14":10,"15":1,"16":10,"17":1,"18":10,"19":1,"20":10,"21":1,"22":10,"23":1,"24":10,"25":1,"26":10,"27":1,"28":20},"f":{"0":10,"1":6,"2":0,"3":1,"4":1,"5":1,"6":1,"7":10,"8":10,"9":10,"10":10,"11":10,"12":10,"13":10,"14":20},"b":{"0":[10,4],"1":[10,9],"2":[10,9],"3":[10,9],"4":[10,4],"5":[10,9],"6":[10,9],"7":[10,9]},"meta":{"lastBranch":8,"lastFunction":15,"lastStatement":29,"seen":{"s:16:21:16:Infinity":0,"s:18:6:18:Infinity":1,"s:19:18:19:Infinity":2,"s:23:23:72:Infinity":3,"f:23:23:23:29":0,"s:24:19:24:Infinity":4,"s:26:8:32:Infinity":5,"f:27:15:27:21":1,"s:27:21:27:37":6,"f:28:29:28:35":2,"s:28:35:28:51":7,"f:29:31:29:37":3,"s:29:37:29:55":8,"f:30:32:30:38":4,"s:30:38:30:57":9,"f:31:32:31:38":5,"s:31:38:31:57":10,"f:32:15:32:21":6,"s:32:21:32:37":11,"s:34:2:70:Infinity":12,"s:74:53:103:Infinity":13,"f:74:53:74:54":7,"s:75:2:103:Infinity":14,"b:83:10:83:33:83:33:83:Infinity":0,"b:88:33:88:59:88:59:88:71":1,"b:91:33:91:58:91:58:91:70":2,"b:97:10:97:36:97:36:97:Infinity":3,"s:106:52:167:Infinity":15,"f:106:52:106:53":8,"s:107:2:167:Infinity":16,"b:160:9:160:32:160:32:160:Infinity":4,"b:161:9:161:35:161:35:161:Infinity":5,"b:162:9:162:34:162:34:162:Infinity":6,"b:164:9:164:35:164:35:164:Infinity":7,"s:170:37:173:Infinity":17,"f:170:37:170:38":9,"s:171:2:173:Infinity":18,"s:176:39:179:Infinity":19,"f:176:39:176:40":10,"s:177:2:179:Infinity":20,"s:182:40:185:Infinity":21,"f:182:40:182:41":11,"s:183:2:185:Infinity":22,"s:188:38:194:Infinity":23,"f:188:38:188:39":12,"s:189:2:194:Infinity":24,"s:197:40:200:Infinity":25,"f:197:40:197:41":13,"s:198:2:200:Infinity":26,"s:203:33:214:Infinity":27,"f:203:33:203:34":14,"s:204:2:214:Infinity":28}}}
,"/data/kamadorueda.github.io/src/components/Typography/index.tsx": {"path":"/data/kamadorueda.github.io/src/components/Typography/index.tsx","statementMap":{"0":{"start":{"line":6,"column":61},"end":{"line":14,"column":null}},"1":{"start":{"line":7,"column":2},"end":{"line":14,"column":null}},"2":{"start":{"line":17,"column":62},"end":{"line":20,"column":null}},"3":{"start":{"line":18,"column":2},"end":{"line":20,"column":null}},"4":{"start":{"line":23,"column":64},"end":{"line":24,"column":null}},"5":{"start":{"line":24,"column":2},"end":{"line":24,"column":null}},"6":{"start":{"line":27,"column":6},"end":{"line":31,"column":null}},"7":{"start":{"line":35,"column":4},"end":{"line":38,"column":null}},"8":{"start":{"line":36,"column":2},"end":{"line":38,"column":null}},"9":{"start":{"line":43,"column":4},"end":{"line":46,"column":null}},"10":{"start":{"line":44,"column":2},"end":{"line":46,"column":null}},"11":{"start":{"line":51,"column":4},"end":{"line":59,"column":null}},"12":{"start":{"line":52,"column":2},"end":{"line":59,"column":null}},"13":{"start":{"line":62,"column":52},"end":{"line":65,"column":null}},"14":{"start":{"line":63,"column":2},"end":{"line":65,"column":null}},"15":{"start":{"line":68,"column":50},"end":{"line":71,"column":null}},"16":{"start":{"line":69,"column":2},"end":{"line":71,"column":null}},"17":{"start":{"line":74,"column":47},"end":{"line":75,"column":null}},"18":{"start":{"line":75,"column":2},"end":{"line":75,"column":null}}},"fnMap":{"0":{"name":"(anonymous_0)","decl":{"start":{"line":6,"column":61},"end":{"line":6,"column":62}},"loc":{"start":{"line":7,"column":2},"end":{"line":14,"column":null}},"line":7},"1":{"name":"(anonymous_1)","decl":{"start":{"line":17,"column":62},"end":{"line":17,"column":63}},"loc":{"start":{"line":18,"column":2},"end":{"line":20,"column":null}},"line":18},"2":{"name":"(anonymous_2)","decl":{"start":{"line":23,"column":64},"end":{"line":23,"column":65}},"loc":{"start":{"line":24,"column":2},"end":{"line":24,"column":null}},"line":24},"3":{"name":"(anonymous_3)","decl":{"start":{"line":35,"column":4},"end":{"line":35,"column":5}},"loc":{"start":{"line":36,"column":2},"end":{"line":38,"column":null}},"line":36},"4":{"name":"(anonymous_4)","decl":{"start":{"line":43,"column":4},"end":{"line":43,"column":5}},"loc":{"start":{"line":44,"column":2},"end":{"line":46,"column":null}},"line":44},"5":{"name":"(anonymous_5)","decl":{"start":{"line":51,"column":4},"end":{"line":51,"column":5}},"loc":{"start":{"line":52,"column":2},"end":{"line":59,"column":null}},"line":52},"6":{"name":"(anonymous_6)","decl":{"start":{"line":62,"column":52},"end":{"line":62,"column":53}},"loc":{"start":{"line":63,"column":2},"end":{"line":65,"column":null}},"line":63},"7":{"name":"(anonymous_7)","decl":{"start":{"line":68,"column":50},"end":{"line":68,"column":51}},"loc":{"start":{"line":69,"column":2},"end":{"line":71,"column":null}},"line":69},"8":{"name":"(anonymous_8)","decl":{"start":{"line":74,"column":47},"end":{"line":74,"column":48}},"loc":{"start":{"line":75,"column":2},"end":{"line":75,"column":null}},"line":75}},"branchMap":{},"s":{"0":2,"1":3,"2":2,"3":2,"4":2,"5":3,"6":2,"7":2,"8":3,"9":2,"10":42,"11":2,"12":14,"13":2,"14":2,"15":2,"16":2,"17":2,"18":2},"f":{"0":3,"1":2,"2":3,"3":3,"4":42,"5":14,"6":2,"7":2,"8":2},"b":{},"meta":{"lastBranch":0,"lastFunction":9,"lastStatement":19,"seen":{"s:6:61:14:Infinity":0,"f:6:61:6:62":0,"s:7:2:14:Infinity":1,"s:17:62:20:Infinity":2,"f:17:62:17:63":1,"s:18:2:20:Infinity":3,"s:23:64:24:Infinity":4,"f:23:64:23:65":2,"s:24:2:24:Infinity":5,"s:27:6:31:Infinity":6,"s:35:4:38:Infinity":7,"f:35:4:35:5":3,"s:36:2:38:Infinity":8,"s:43:4:46:Infinity":9,"f:43:4:43:5":4,"s:44:2:46:Infinity":10,"s:51:4:59:Infinity":11,"f:51:4:51:5":5,"s:52:2:59:Infinity":12,"s:62:52:65:Infinity":13,"f:62:52:62:53":6,"s:63:2:65:Infinity":14,"s:68:50:71:Infinity":15,"f:68:50:68:51":7,"s:69:2:71:Infinity":16,"s:74:47:75:Infinity":17,"f:74:47:74:48":8,"s:75:2:75:Infinity":18}}}
}
